<?xml version="1.0" encoding="utf-8"?>
<test-run id="2" name="Incapsulation.Failures.exe" fullname="E:/MVSprojects/IncapsulationFailures/bin/Debug/Incapsulation.Failures.exe" testcasecount="3" result="Passed" start-time="2020-02-28 13:50:17Z" end-time="2020-02-28 13:50:22Z" duration="4.907839" total="3" passed="3" failed="0" inconclusive="0" skipped="0" asserts="3" random-seed="1618746467">
  <command-line><![CDATA["E:\MVSprojects\IncapsulationFailures\bin\Debug\Incapsulation.Failures.exe" ]]></command-line>
  <filter />
  <test-suite type="Assembly" id="1004" name="Incapsulation.Failures.exe" fullname="E:/MVSprojects/IncapsulationFailures/bin/Debug/Incapsulation.Failures.exe" runstate="Runnable" testcasecount="3" result="Passed" start-time="2020-02-28 13:50:17Z" end-time="2020-02-28 13:50:22Z" duration="4.907839" total="3" passed="3" failed="0" warnings="0" inconclusive="0" skipped="0" asserts="3">
    <environment framework-version="3.6.0.0" clr-version="4.0.30319.42000" os-version="Microsoft Windows NT 6.2.9200.0" platform="Win32NT" cwd="E:\MVSprojects\IncapsulationFailures\bin\Debug" machine-name="DESKTOP-LOJ2P29" user="tehni" user-domain="DESKTOP-LOJ2P29" culture="ru-RU" uiculture="ru-RU" os-architecture="x86" />
    <settings>
      <setting name="WorkDirectory" value="E:\MVSprojects\IncapsulationFailures\bin\Debug" />
      <setting name="NumberOfTestWorkers" value="8" />
    </settings>
    <properties>
      <property name="_PID" value="12192" />
      <property name="_APPDOMAIN" value="Incapsulation.Failures.exe" />
    </properties>
    <test-suite type="TestSuite" id="1005" name="Incapsulation" fullname="Incapsulation" runstate="Runnable" testcasecount="3" result="Passed" start-time="2020-02-28 13:50:17Z" end-time="2020-02-28 13:50:22Z" duration="4.895057" total="3" passed="3" failed="0" warnings="0" inconclusive="0" skipped="0" asserts="3">
      <test-suite type="TestSuite" id="1006" name="Failures" fullname="Incapsulation.Failures" runstate="Runnable" testcasecount="3" result="Passed" start-time="2020-02-28 13:50:17Z" end-time="2020-02-28 13:50:22Z" duration="4.891822" total="3" passed="3" failed="0" warnings="0" inconclusive="0" skipped="0" asserts="3">
        <test-suite type="TestFixture" id="1000" name="ReportMaker_Tests" fullname="Incapsulation.Failures.ReportMaker_Tests" classname="Incapsulation.Failures.ReportMaker_Tests" runstate="Runnable" testcasecount="3" result="Passed" start-time="2020-02-28 13:50:17Z" end-time="2020-02-28 13:50:22Z" duration="4.886132" total="3" passed="3" failed="0" warnings="0" inconclusive="0" skipped="0" asserts="3">
          <test-case id="1003" name="FilterManyDevices" fullname="Incapsulation.Failures.ReportMaker_Tests.FilterManyDevices" methodname="FilterManyDevices" classname="Incapsulation.Failures.ReportMaker_Tests" runstate="Runnable" seed="147319272" result="Passed" start-time="2020-02-28 13:50:17Z" end-time="2020-02-28 13:50:21Z" duration="4.398745" asserts="1" />
          <test-case id="1002" name="FilterSingleDevice" fullname="Incapsulation.Failures.ReportMaker_Tests.FilterSingleDevice" methodname="FilterSingleDevice" classname="Incapsulation.Failures.ReportMaker_Tests" runstate="Runnable" seed="78137998" result="Passed" start-time="2020-02-28 13:50:21Z" end-time="2020-02-28 13:50:21Z" duration="0.001056" asserts="1" />
          <test-case id="1001" name="NoDevices" fullname="Incapsulation.Failures.ReportMaker_Tests.NoDevices" methodname="NoDevices" classname="Incapsulation.Failures.ReportMaker_Tests" runstate="Runnable" seed="206965135" result="Passed" start-time="2020-02-28 13:50:21Z" end-time="2020-02-28 13:50:22Z" duration="0.467730" asserts="1" />
        </test-suite>
      </test-suite>
    </test-suite>
  </test-suite>
</test-run>