<?xml version="1.0" encoding="utf-8"?>
<test-run id="2" name="Incapsulation.RationalNumbers.exe" fullname="E:/MVSprojects/IncapsulationRationalNumbers/bin/Debug/Incapsulation.RationalNumbers.exe" testcasecount="0" result="Passed" start-time="2020-02-29 09:19:26Z" end-time="2020-02-29 09:19:26Z" duration="0.028464" total="0" passed="0" failed="0" inconclusive="0" skipped="0" asserts="0" random-seed="611133797">
  <command-line><![CDATA["E:\MVSprojects\IncapsulationRationalNumbers\bin\Debug\Incapsulation.RationalNumbers.exe" ]]></command-line>
  <filter />
  <test-suite type="Assembly" id="1001" name="Incapsulation.RationalNumbers.exe" fullname="E:/MVSprojects/IncapsulationRationalNumbers/bin/Debug/Incapsulation.RationalNumbers.exe" runstate="Runnable" testcasecount="0" result="Passed" start-time="2020-02-29 09:19:26Z" end-time="2020-02-29 09:19:26Z" duration="0.028464" total="0" passed="0" failed="0" warnings="0" inconclusive="0" skipped="0" asserts="0">
    <environment framework-version="3.6.0.0" clr-version="4.0.30319.42000" os-version="Microsoft Windows NT 6.2.9200.0" platform="Win32NT" cwd="E:\MVSprojects\IncapsulationRationalNumbers\bin\Debug" machine-name="DESKTOP-LOJ2P29" user="tehni" user-domain="DESKTOP-LOJ2P29" culture="ru-RU" uiculture="ru-RU" os-architecture="x86" />
    <settings>
      <setting name="WorkDirectory" value="E:\MVSprojects\IncapsulationRationalNumbers\bin\Debug" />
      <setting name="NumberOfTestWorkers" value="8" />
    </settings>
    <properties>
      <property name="_PID" value="20460" />
      <property name="_APPDOMAIN" value="Incapsulation.RationalNumbers.exe" />
    </properties>
    <test-suite type="TestSuite" id="1002" name="Incapsulation" fullname="Incapsulation" runstate="Runnable" testcasecount="0" result="Passed" start-time="2020-02-29 09:19:26Z" end-time="2020-02-29 09:19:26Z" duration="0.014043" total="0" passed="0" failed="0" warnings="0" inconclusive="0" skipped="0" asserts="0">
      <test-suite type="TestSuite" id="1003" name="RationalNumbers" fullname="Incapsulation.RationalNumbers" runstate="Runnable" testcasecount="0" result="Passed" start-time="2020-02-29 09:19:26Z" end-time="2020-02-29 09:19:26Z" duration="0.010915" total="0" passed="0" failed="0" warnings="0" inconclusive="0" skipped="0" asserts="0">
        <test-suite type="TestFixture" id="1000" name="Rational_should" fullname="Incapsulation.RationalNumbers.Rational_should" classname="Incapsulation.RationalNumbers.Rational_should" runstate="Runnable" testcasecount="0" result="Passed" start-time="2020-02-29 09:19:26Z" end-time="2020-02-29 09:19:26Z" duration="0.002008" total="0" passed="0" failed="0" warnings="0" inconclusive="0" skipped="0" asserts="0" />
      </test-suite>
    </test-suite>
  </test-suite>
</test-run>