<?xml version="1.0" encoding="utf-8"?>
<test-run id="2" name="Incapsulation.RationalNumbers.exe" fullname="E:/MVSprojects/StepikCourses/IncapsulationRationalNumbers/bin/Debug/Incapsulation.RationalNumbers.exe" testcasecount="47" result="Passed" start-time="2020-03-01 09:36:03Z" end-time="2020-03-01 09:36:06Z" duration="3.429828" total="47" passed="47" failed="0" inconclusive="0" skipped="0" asserts="85" random-seed="2054858103">
  <command-line><![CDATA["E:\MVSprojects\StepikCourses\IncapsulationRationalNumbers\bin\Debug\Incapsulation.RationalNumbers.exe" ]]></command-line>
  <filter />
  <test-suite type="Assembly" id="1052" name="Incapsulation.RationalNumbers.exe" fullname="E:/MVSprojects/StepikCourses/IncapsulationRationalNumbers/bin/Debug/Incapsulation.RationalNumbers.exe" runstate="Runnable" testcasecount="47" result="Passed" start-time="2020-03-01 09:36:03Z" end-time="2020-03-01 09:36:06Z" duration="3.429828" total="47" passed="47" failed="0" warnings="0" inconclusive="0" skipped="0" asserts="85">
    <environment framework-version="3.6.0.0" clr-version="4.0.30319.42000" os-version="Microsoft Windows NT 6.2.9200.0" platform="Win32NT" cwd="E:\MVSprojects\StepikCourses\IncapsulationRationalNumbers\bin\Debug" machine-name="DESKTOP-LOJ2P29" user="tehni" user-domain="DESKTOP-LOJ2P29" culture="ru-RU" uiculture="ru-RU" os-architecture="x86" />
    <settings>
      <setting name="WorkDirectory" value="E:\MVSprojects\StepikCourses\IncapsulationRationalNumbers\bin\Debug" />
      <setting name="NumberOfTestWorkers" value="8" />
    </settings>
    <properties>
      <property name="_PID" value="19980" />
      <property name="_APPDOMAIN" value="Incapsulation.RationalNumbers.exe" />
    </properties>
    <test-suite type="TestSuite" id="1053" name="Incapsulation" fullname="Incapsulation" runstate="Runnable" testcasecount="47" result="Passed" start-time="2020-03-01 09:36:03Z" end-time="2020-03-01 09:36:06Z" duration="3.414015" total="47" passed="47" failed="0" warnings="0" inconclusive="0" skipped="0" asserts="85">
      <test-suite type="TestSuite" id="1054" name="RationalNumbers" fullname="Incapsulation.RationalNumbers" runstate="Runnable" testcasecount="47" result="Passed" start-time="2020-03-01 09:36:03Z" end-time="2020-03-01 09:36:06Z" duration="3.410021" total="47" passed="47" failed="0" warnings="0" inconclusive="0" skipped="0" asserts="85">
        <test-suite type="TestFixture" id="1000" name="Rational_should" fullname="Incapsulation.RationalNumbers.Rational_should" classname="Incapsulation.RationalNumbers.Rational_should" runstate="Runnable" testcasecount="47" result="Passed" start-time="2020-03-01 09:36:03Z" end-time="2020-03-01 09:36:06Z" duration="3.405002" total="47" passed="47" failed="0" warnings="0" inconclusive="0" skipped="0" asserts="85">
          <test-case id="1031" name="ConvertFromInt" fullname="Incapsulation.RationalNumbers.Rational_should.ConvertFromInt" methodname="ConvertFromInt" classname="Incapsulation.RationalNumbers.Rational_should" runstate="Runnable" seed="1487670628" result="Passed" start-time="2020-03-01 09:36:03Z" end-time="2020-03-01 09:36:03Z" duration="0.021520" asserts="3" />
          <test-suite type="ParameterizedMethod" id="1030" name="ConvertToDouble" fullname="Incapsulation.RationalNumbers.Rational_should.ConvertToDouble" classname="Incapsulation.RationalNumbers.Rational_should" runstate="Runnable" testcasecount="6" result="Passed" start-time="2020-03-01 09:36:03Z" end-time="2020-03-01 09:36:03Z" duration="0.028148" total="6" passed="6" failed="0" warnings="0" inconclusive="0" skipped="0" asserts="6">
            <test-case id="1024" name="ConvertToDouble(1,2,0.5d)" fullname="Incapsulation.RationalNumbers.Rational_should.ConvertToDouble(1,2,0.5d)" methodname="ConvertToDouble" classname="Incapsulation.RationalNumbers.Rational_should" runstate="Runnable" seed="1247299510" result="Passed" start-time="2020-03-01 09:36:03Z" end-time="2020-03-01 09:36:03Z" duration="0.002751" asserts="1" />
            <test-case id="1025" name="ConvertToDouble(10,5,2.0d)" fullname="Incapsulation.RationalNumbers.Rational_should.ConvertToDouble(10,5,2.0d)" methodname="ConvertToDouble" classname="Incapsulation.RationalNumbers.Rational_should" runstate="Runnable" seed="140576294" result="Passed" start-time="2020-03-01 09:36:03Z" end-time="2020-03-01 09:36:03Z" duration="0.000069" asserts="1" />
            <test-case id="1026" name="ConvertToDouble(-1,5,-0.2d)" fullname="Incapsulation.RationalNumbers.Rational_should.ConvertToDouble(-1,5,-0.2d)" methodname="ConvertToDouble" classname="Incapsulation.RationalNumbers.Rational_should" runstate="Runnable" seed="348716651" result="Passed" start-time="2020-03-01 09:36:03Z" end-time="2020-03-01 09:36:03Z" duration="0.000084" asserts="1" />
            <test-case id="1027" name="ConvertToDouble(10,0,double.NaN)" fullname="Incapsulation.RationalNumbers.Rational_should.ConvertToDouble(10,0,double.NaN)" methodname="ConvertToDouble" classname="Incapsulation.RationalNumbers.Rational_should" runstate="Runnable" seed="958515757" result="Passed" start-time="2020-03-01 09:36:03Z" end-time="2020-03-01 09:36:03Z" duration="0.000098" asserts="1" />
            <test-case id="1028" name="ConvertToDouble(-10,0,double.NaN)" fullname="Incapsulation.RationalNumbers.Rational_should.ConvertToDouble(-10,0,double.NaN)" methodname="ConvertToDouble" classname="Incapsulation.RationalNumbers.Rational_should" runstate="Runnable" seed="1722206210" result="Passed" start-time="2020-03-01 09:36:03Z" end-time="2020-03-01 09:36:03Z" duration="0.000074" asserts="1" />
            <test-case id="1029" name="ConvertToDouble(0,0,double.NaN)" fullname="Incapsulation.RationalNumbers.Rational_should.ConvertToDouble(0,0,double.NaN)" methodname="ConvertToDouble" classname="Incapsulation.RationalNumbers.Rational_should" runstate="Runnable" seed="11130257" result="Passed" start-time="2020-03-01 09:36:03Z" end-time="2020-03-01 09:36:03Z" duration="0.000106" asserts="1" />
          </test-suite>
          <test-case id="1021" name="Divide" fullname="Incapsulation.RationalNumbers.Rational_should.Divide" methodname="Divide" classname="Incapsulation.RationalNumbers.Rational_should" runstate="Runnable" seed="1227574995" result="Passed" start-time="2020-03-01 09:36:03Z" end-time="2020-03-01 09:36:03Z" duration="0.000997" asserts="3" />
          <test-case id="1023" name="DivideToZero" fullname="Incapsulation.RationalNumbers.Rational_should.DivideToZero" methodname="DivideToZero" classname="Incapsulation.RationalNumbers.Rational_should" runstate="Runnable" seed="122674666" result="Passed" start-time="2020-03-01 09:36:03Z" end-time="2020-03-01 09:36:03Z" duration="0.001043" asserts="1" />
          <test-case id="1022" name="DivideWithNan" fullname="Incapsulation.RationalNumbers.Rational_should.DivideWithNan" methodname="DivideWithNan" classname="Incapsulation.RationalNumbers.Rational_should" runstate="Runnable" seed="1017357507" result="Passed" start-time="2020-03-01 09:36:03Z" end-time="2020-03-01 09:36:03Z" duration="0.000341" asserts="2" />
          <test-suite type="ParameterizedMethod" id="1044" name="ExplicitlyConvertToInt" fullname="Incapsulation.RationalNumbers.Rational_should.ExplicitlyConvertToInt" classname="Incapsulation.RationalNumbers.Rational_should" runstate="Runnable" testcasecount="12" result="Passed" start-time="2020-03-01 09:36:03Z" end-time="2020-03-01 09:36:03Z" duration="0.049041" total="12" passed="12" failed="0" warnings="0" inconclusive="0" skipped="0" asserts="12">
            <test-case id="1032" name="ExplicitlyConvertToInt(0,1,0)" fullname="Incapsulation.RationalNumbers.Rational_should.ExplicitlyConvertToInt(0,1,0)" methodname="ExplicitlyConvertToInt" classname="Incapsulation.RationalNumbers.Rational_should" runstate="Runnable" seed="309791820" result="Passed" start-time="2020-03-01 09:36:03Z" end-time="2020-03-01 09:36:03Z" duration="0.000472" asserts="1" />
            <test-case id="1033" name="ExplicitlyConvertToInt(1,1,1)" fullname="Incapsulation.RationalNumbers.Rational_should.ExplicitlyConvertToInt(1,1,1)" methodname="ExplicitlyConvertToInt" classname="Incapsulation.RationalNumbers.Rational_should" runstate="Runnable" seed="1429511753" result="Passed" start-time="2020-03-01 09:36:03Z" end-time="2020-03-01 09:36:03Z" duration="0.000127" asserts="1" />
            <test-case id="1034" name="ExplicitlyConvertToInt(2,1,2)" fullname="Incapsulation.RationalNumbers.Rational_should.ExplicitlyConvertToInt(2,1,2)" methodname="ExplicitlyConvertToInt" classname="Incapsulation.RationalNumbers.Rational_should" runstate="Runnable" seed="1223090925" result="Passed" start-time="2020-03-01 09:36:03Z" end-time="2020-03-01 09:36:03Z" duration="0.000199" asserts="1" />
            <test-case id="1035" name="ExplicitlyConvertToInt(3,1,3)" fullname="Incapsulation.RationalNumbers.Rational_should.ExplicitlyConvertToInt(3,1,3)" methodname="ExplicitlyConvertToInt" classname="Incapsulation.RationalNumbers.Rational_should" runstate="Runnable" seed="333543379" result="Passed" start-time="2020-03-01 09:36:03Z" end-time="2020-03-01 09:36:03Z" duration="0.000186" asserts="1" />
            <test-case id="1036" name="ExplicitlyConvertToInt(2,2,1)" fullname="Incapsulation.RationalNumbers.Rational_should.ExplicitlyConvertToInt(2,2,1)" methodname="ExplicitlyConvertToInt" classname="Incapsulation.RationalNumbers.Rational_should" runstate="Runnable" seed="2088822801" result="Passed" start-time="2020-03-01 09:36:03Z" end-time="2020-03-01 09:36:03Z" duration="0.000098" asserts="1" />
            <test-case id="1037" name="ExplicitlyConvertToInt(6,3,2)" fullname="Incapsulation.RationalNumbers.Rational_should.ExplicitlyConvertToInt(6,3,2)" methodname="ExplicitlyConvertToInt" classname="Incapsulation.RationalNumbers.Rational_should" runstate="Runnable" seed="1956117129" result="Passed" start-time="2020-03-01 09:36:03Z" end-time="2020-03-01 09:36:03Z" duration="0.000116" asserts="1" />
            <test-case id="1038" name="ExplicitlyConvertToInt(12,2,6)" fullname="Incapsulation.RationalNumbers.Rational_should.ExplicitlyConvertToInt(12,2,6)" methodname="ExplicitlyConvertToInt" classname="Incapsulation.RationalNumbers.Rational_should" runstate="Runnable" seed="1457205249" result="Passed" start-time="2020-03-01 09:36:03Z" end-time="2020-03-01 09:36:03Z" duration="0.000125" asserts="1" />
            <test-case id="1039" name="ExplicitlyConvertToInt(12,3,4)" fullname="Incapsulation.RationalNumbers.Rational_should.ExplicitlyConvertToInt(12,3,4)" methodname="ExplicitlyConvertToInt" classname="Incapsulation.RationalNumbers.Rational_should" runstate="Runnable" seed="281157601" result="Passed" start-time="2020-03-01 09:36:03Z" end-time="2020-03-01 09:36:03Z" duration="0.000145" asserts="1" />
            <test-case id="1040" name="ExplicitlyConvertToInt(12,4,3)" fullname="Incapsulation.RationalNumbers.Rational_should.ExplicitlyConvertToInt(12,4,3)" methodname="ExplicitlyConvertToInt" classname="Incapsulation.RationalNumbers.Rational_should" runstate="Runnable" seed="1211349751" result="Passed" start-time="2020-03-01 09:36:03Z" end-time="2020-03-01 09:36:03Z" duration="0.000113" asserts="1" />
            <test-case id="1041" name="ExplicitlyConvertToInt(12,6,2)" fullname="Incapsulation.RationalNumbers.Rational_should.ExplicitlyConvertToInt(12,6,2)" methodname="ExplicitlyConvertToInt" classname="Incapsulation.RationalNumbers.Rational_should" runstate="Runnable" seed="81330424" result="Passed" start-time="2020-03-01 09:36:03Z" end-time="2020-03-01 09:36:03Z" duration="0.000200" asserts="1" />
            <test-case id="1042" name="ExplicitlyConvertToInt(12,12,1)" fullname="Incapsulation.RationalNumbers.Rational_should.ExplicitlyConvertToInt(12,12,1)" methodname="ExplicitlyConvertToInt" classname="Incapsulation.RationalNumbers.Rational_should" runstate="Runnable" seed="1404664536" result="Passed" start-time="2020-03-01 09:36:03Z" end-time="2020-03-01 09:36:03Z" duration="0.000100" asserts="1" />
            <test-case id="1043" name="ExplicitlyConvertToInt(1000,1,1000)" fullname="Incapsulation.RationalNumbers.Rational_should.ExplicitlyConvertToInt(1000,1,1000)" methodname="ExplicitlyConvertToInt" classname="Incapsulation.RationalNumbers.Rational_should" runstate="Runnable" seed="1229693851" result="Passed" start-time="2020-03-01 09:36:03Z" end-time="2020-03-01 09:36:03Z" duration="0.000116" asserts="1" />
          </test-suite>
          <test-suite type="ParameterizedMethod" id="1051" name="ExplicitlyConvertToIntAndFailsIfNonCorvertable" fullname="Incapsulation.RationalNumbers.Rational_should.ExplicitlyConvertToIntAndFailsIfNonCorvertable" classname="Incapsulation.RationalNumbers.Rational_should" runstate="Runnable" testcasecount="6" result="Passed" start-time="2020-03-01 09:36:03Z" end-time="2020-03-01 09:36:06Z" duration="3.181020" total="6" passed="6" failed="0" warnings="0" inconclusive="0" skipped="0" asserts="6">
            <test-case id="1045" name="ExplicitlyConvertToIntAndFailsIfNonCorvertable(1,2)" fullname="Incapsulation.RationalNumbers.Rational_should.ExplicitlyConvertToIntAndFailsIfNonCorvertable(1,2)" methodname="ExplicitlyConvertToIntAndFailsIfNonCorvertable" classname="Incapsulation.RationalNumbers.Rational_should" runstate="Runnable" seed="1328122555" result="Passed" start-time="2020-03-01 09:36:03Z" end-time="2020-03-01 09:36:04Z" duration="1.064055" asserts="1" />
            <test-case id="1046" name="ExplicitlyConvertToIntAndFailsIfNonCorvertable(12,5)" fullname="Incapsulation.RationalNumbers.Rational_should.ExplicitlyConvertToIntAndFailsIfNonCorvertable(12,5)" methodname="ExplicitlyConvertToIntAndFailsIfNonCorvertable" classname="Incapsulation.RationalNumbers.Rational_should" runstate="Runnable" seed="1280048153" result="Passed" start-time="2020-03-01 09:36:04Z" end-time="2020-03-01 09:36:04Z" duration="0.467665" asserts="1" />
            <test-case id="1047" name="ExplicitlyConvertToIntAndFailsIfNonCorvertable(12,10)" fullname="Incapsulation.RationalNumbers.Rational_should.ExplicitlyConvertToIntAndFailsIfNonCorvertable(12,10)" methodname="ExplicitlyConvertToIntAndFailsIfNonCorvertable" classname="Incapsulation.RationalNumbers.Rational_should" runstate="Runnable" seed="436436798" result="Passed" start-time="2020-03-01 09:36:04Z" end-time="2020-03-01 09:36:05Z" duration="0.385342" asserts="1" />
            <test-case id="1048" name="ExplicitlyConvertToIntAndFailsIfNonCorvertable(25,8)" fullname="Incapsulation.RationalNumbers.Rational_should.ExplicitlyConvertToIntAndFailsIfNonCorvertable(25,8)" methodname="ExplicitlyConvertToIntAndFailsIfNonCorvertable" classname="Incapsulation.RationalNumbers.Rational_should" runstate="Runnable" seed="883707850" result="Passed" start-time="2020-03-01 09:36:05Z" end-time="2020-03-01 09:36:05Z" duration="0.404452" asserts="1" />
            <test-case id="1049" name="ExplicitlyConvertToIntAndFailsIfNonCorvertable(2,3)" fullname="Incapsulation.RationalNumbers.Rational_should.ExplicitlyConvertToIntAndFailsIfNonCorvertable(2,3)" methodname="ExplicitlyConvertToIntAndFailsIfNonCorvertable" classname="Incapsulation.RationalNumbers.Rational_should" runstate="Runnable" seed="1777920224" result="Passed" start-time="2020-03-01 09:36:05Z" end-time="2020-03-01 09:36:06Z" duration="0.413174" asserts="1" />
            <test-case id="1050" name="ExplicitlyConvertToIntAndFailsIfNonCorvertable(2,4)" fullname="Incapsulation.RationalNumbers.Rational_should.ExplicitlyConvertToIntAndFailsIfNonCorvertable(2,4)" methodname="ExplicitlyConvertToIntAndFailsIfNonCorvertable" classname="Incapsulation.RationalNumbers.Rational_should" runstate="Runnable" seed="526791681" result="Passed" start-time="2020-03-01 09:36:06Z" end-time="2020-03-01 09:36:06Z" duration="0.423758" asserts="1" />
          </test-suite>
          <test-suite type="ParameterizedMethod" id="1014" name="InitializeAndReduce1" fullname="Incapsulation.RationalNumbers.Rational_should.InitializeAndReduce1" classname="Incapsulation.RationalNumbers.Rational_should" runstate="Runnable" testcasecount="10" result="Passed" start-time="2020-03-01 09:36:06Z" end-time="2020-03-01 09:36:06Z" duration="0.043923" total="10" passed="10" failed="0" warnings="0" inconclusive="0" skipped="0" asserts="30">
            <test-case id="1004" name="InitializeAndReduce1(1,2,2,4)" fullname="Incapsulation.RationalNumbers.Rational_should.InitializeAndReduce1(1,2,2,4)" methodname="InitializeAndReduce1" classname="Incapsulation.RationalNumbers.Rational_should" runstate="Runnable" seed="1495384398" result="Passed" start-time="2020-03-01 09:36:06Z" end-time="2020-03-01 09:36:06Z" duration="0.000745" asserts="3">
              <output><![CDATA[Test case : expected 1 2  real 2 4
]]></output>
            </test-case>
            <test-case id="1005" name="InitializeAndReduce1(-1,2,-2,4)" fullname="Incapsulation.RationalNumbers.Rational_should.InitializeAndReduce1(-1,2,-2,4)" methodname="InitializeAndReduce1" classname="Incapsulation.RationalNumbers.Rational_should" runstate="Runnable" seed="1816448798" result="Passed" start-time="2020-03-01 09:36:06Z" end-time="2020-03-01 09:36:06Z" duration="0.000111" asserts="3">
              <output><![CDATA[Test case : expected -1 2  real -2 4
]]></output>
            </test-case>
            <test-case id="1006" name="InitializeAndReduce1(-1,2,2,-4)" fullname="Incapsulation.RationalNumbers.Rational_should.InitializeAndReduce1(-1,2,2,-4)" methodname="InitializeAndReduce1" classname="Incapsulation.RationalNumbers.Rational_should" runstate="Runnable" seed="2116124128" result="Passed" start-time="2020-03-01 09:36:06Z" end-time="2020-03-01 09:36:06Z" duration="0.000093" asserts="3">
              <output><![CDATA[Test case : expected -1 2  real 2 -4
]]></output>
            </test-case>
            <test-case id="1007" name="InitializeAndReduce1(1,2,-2,-4)" fullname="Incapsulation.RationalNumbers.Rational_should.InitializeAndReduce1(1,2,-2,-4)" methodname="InitializeAndReduce1" classname="Incapsulation.RationalNumbers.Rational_should" runstate="Runnable" seed="2124268151" result="Passed" start-time="2020-03-01 09:36:06Z" end-time="2020-03-01 09:36:06Z" duration="0.000084" asserts="3">
              <output><![CDATA[Test case : expected 1 2  real -2 -4
]]></output>
            </test-case>
            <test-case id="1008" name="InitializeAndReduce1(1,2,1,2)" fullname="Incapsulation.RationalNumbers.Rational_should.InitializeAndReduce1(1,2,1,2)" methodname="InitializeAndReduce1" classname="Incapsulation.RationalNumbers.Rational_should" runstate="Runnable" seed="2106250283" result="Passed" start-time="2020-03-01 09:36:06Z" end-time="2020-03-01 09:36:06Z" duration="0.000074" asserts="3">
              <output><![CDATA[Test case : expected 1 2  real 1 2
]]></output>
            </test-case>
            <test-case id="1009" name="InitializeAndReduce1(1,2,8,16)" fullname="Incapsulation.RationalNumbers.Rational_should.InitializeAndReduce1(1,2,8,16)" methodname="InitializeAndReduce1" classname="Incapsulation.RationalNumbers.Rational_should" runstate="Runnable" seed="405456636" result="Passed" start-time="2020-03-01 09:36:06Z" end-time="2020-03-01 09:36:06Z" duration="0.000108" asserts="3">
              <output><![CDATA[Test case : expected 1 2  real 8 16
]]></output>
            </test-case>
            <test-case id="1010" name="InitializeAndReduce1(2,3,10,15)" fullname="Incapsulation.RationalNumbers.Rational_should.InitializeAndReduce1(2,3,10,15)" methodname="InitializeAndReduce1" classname="Incapsulation.RationalNumbers.Rational_should" runstate="Runnable" seed="1971353890" result="Passed" start-time="2020-03-01 09:36:06Z" end-time="2020-03-01 09:36:06Z" duration="0.000096" asserts="3">
              <output><![CDATA[Test case : expected 2 3  real 10 15
]]></output>
            </test-case>
            <test-case id="1011" name="InitializeAndReduce1(4,7,16,28)" fullname="Incapsulation.RationalNumbers.Rational_should.InitializeAndReduce1(4,7,16,28)" methodname="InitializeAndReduce1" classname="Incapsulation.RationalNumbers.Rational_should" runstate="Runnable" seed="1077318970" result="Passed" start-time="2020-03-01 09:36:06Z" end-time="2020-03-01 09:36:06Z" duration="0.000088" asserts="3">
              <output><![CDATA[Test case : expected 4 7  real 16 28
]]></output>
            </test-case>
            <test-case id="1012" name="InitializeAndReduce1(3,256,12,1024)" fullname="Incapsulation.RationalNumbers.Rational_should.InitializeAndReduce1(3,256,12,1024)" methodname="InitializeAndReduce1" classname="Incapsulation.RationalNumbers.Rational_should" runstate="Runnable" seed="241206011" result="Passed" start-time="2020-03-01 09:36:06Z" end-time="2020-03-01 09:36:06Z" duration="0.000090" asserts="3">
              <output><![CDATA[Test case : expected 3 256  real 12 1024
]]></output>
            </test-case>
            <test-case id="1013" name="InitializeAndReduce1(1,1,1,1)" fullname="Incapsulation.RationalNumbers.Rational_should.InitializeAndReduce1(1,1,1,1)" methodname="InitializeAndReduce1" classname="Incapsulation.RationalNumbers.Rational_should" runstate="Runnable" seed="1110552566" result="Passed" start-time="2020-03-01 09:36:06Z" end-time="2020-03-01 09:36:06Z" duration="0.000127" asserts="3">
              <output><![CDATA[Test case : expected 1 1  real 1 1
]]></output>
            </test-case>
          </test-suite>
          <test-case id="1001" name="InitializeSimpleRatioCorrectly" fullname="Incapsulation.RationalNumbers.Rational_should.InitializeSimpleRatioCorrectly" methodname="InitializeSimpleRatioCorrectly" classname="Incapsulation.RationalNumbers.Rational_should" runstate="Runnable" seed="1821115333" result="Passed" start-time="2020-03-01 09:36:06Z" end-time="2020-03-01 09:36:06Z" duration="0.000248" asserts="3" />
          <test-case id="1003" name="InitializeWithZeroDenomerator" fullname="Incapsulation.RationalNumbers.Rational_should.InitializeWithZeroDenomerator" methodname="InitializeWithZeroDenomerator" classname="Incapsulation.RationalNumbers.Rational_should" runstate="Runnable" seed="1947605907" result="Passed" start-time="2020-03-01 09:36:06Z" end-time="2020-03-01 09:36:06Z" duration="0.000184" asserts="1" />
          <test-case id="1002" name="InitializeWitoutDenomerator" fullname="Incapsulation.RationalNumbers.Rational_should.InitializeWitoutDenomerator" methodname="InitializeWitoutDenomerator" classname="Incapsulation.RationalNumbers.Rational_should" runstate="Runnable" seed="32440294" result="Passed" start-time="2020-03-01 09:36:06Z" end-time="2020-03-01 09:36:06Z" duration="0.000244" asserts="3" />
          <test-case id="1019" name="Multiply" fullname="Incapsulation.RationalNumbers.Rational_should.Multiply" methodname="Multiply" classname="Incapsulation.RationalNumbers.Rational_should" runstate="Runnable" seed="1049922410" result="Passed" start-time="2020-03-01 09:36:06Z" end-time="2020-03-01 09:36:06Z" duration="0.000384" asserts="3" />
          <test-case id="1020" name="MultiplyWithNan" fullname="Incapsulation.RationalNumbers.Rational_should.MultiplyWithNan" methodname="MultiplyWithNan" classname="Incapsulation.RationalNumbers.Rational_should" runstate="Runnable" seed="1447113782" result="Passed" start-time="2020-03-01 09:36:06Z" end-time="2020-03-01 09:36:06Z" duration="0.000210" asserts="2" />
          <test-case id="1017" name="Subtract" fullname="Incapsulation.RationalNumbers.Rational_should.Subtract" methodname="Subtract" classname="Incapsulation.RationalNumbers.Rational_should" runstate="Runnable" seed="965780554" result="Passed" start-time="2020-03-01 09:36:06Z" end-time="2020-03-01 09:36:06Z" duration="0.000341" asserts="3" />
          <test-case id="1018" name="SubtractWithNan" fullname="Incapsulation.RationalNumbers.Rational_should.SubtractWithNan" methodname="SubtractWithNan" classname="Incapsulation.RationalNumbers.Rational_should" runstate="Runnable" seed="1447205586" result="Passed" start-time="2020-03-01 09:36:06Z" end-time="2020-03-01 09:36:06Z" duration="0.000208" asserts="2" />
          <test-case id="1015" name="Sum" fullname="Incapsulation.RationalNumbers.Rational_should.Sum" methodname="Sum" classname="Incapsulation.RationalNumbers.Rational_should" runstate="Runnable" seed="1627314632" result="Passed" start-time="2020-03-01 09:36:06Z" end-time="2020-03-01 09:36:06Z" duration="0.000359" asserts="3" />
          <test-case id="1016" name="SumWithNan" fullname="Incapsulation.RationalNumbers.Rational_should.SumWithNan" methodname="SumWithNan" classname="Incapsulation.RationalNumbers.Rational_should" runstate="Runnable" seed="1065176731" result="Passed" start-time="2020-03-01 09:36:06Z" end-time="2020-03-01 09:36:06Z" duration="0.000211" asserts="2" />
        </test-suite>
      </test-suite>
    </test-suite>
  </test-suite>
</test-run>